2023-10-06T15:42:48.297+09:00  INFO 15228 --- [restartedMain] com.example.test.TestApplication         : Starting TestApplication using Java 17.0.8 with PID 15228 (D:\DEV\INTEL\test\build\classes\java\main started by manyinsoft in D:\DEV\INTEL\test)
2023-10-06T15:42:48.301+09:00 DEBUG 15228 --- [restartedMain] com.example.test.TestApplication         : Running with Spring Boot v3.1.3, Spring v6.0.11
2023-10-06T15:42:48.303+09:00  INFO 15228 --- [restartedMain] com.example.test.TestApplication         : The following 2 profiles are active: "local", "test"
2023-10-06T15:42:48.364+09:00  INFO 15228 --- [restartedMain] .e.DevToolsPropertyDefaultsPostProcessor : Devtools property defaults active! Set 'spring.devtools.add-properties' to 'false' to disable
2023-10-06T15:42:48.365+09:00  INFO 15228 --- [restartedMain] .e.DevToolsPropertyDefaultsPostProcessor : For additional web related logging consider setting the 'logging.level.web' property to 'DEBUG'
2023-10-06T15:42:49.152+09:00  INFO 15228 --- [restartedMain] .s.d.r.c.RepositoryConfigurationDelegate : Bootstrapping Spring Data JDBC repositories in DEFAULT mode.
2023-10-06T15:42:49.172+09:00  INFO 15228 --- [restartedMain] .s.d.r.c.RepositoryConfigurationDelegate : Finished Spring Data repository scanning in 16 ms. Found 0 JDBC repository interfaces.
2023-10-06T15:42:49.796+09:00  INFO 15228 --- [restartedMain] o.s.b.w.embedded.tomcat.TomcatWebServer  : Tomcat initialized with port(s): 8081 (http)
2023-10-06T15:42:49.805+09:00  INFO 15228 --- [restartedMain] o.apache.catalina.core.StandardService   : Starting service [Tomcat]
2023-10-06T15:42:49.805+09:00  INFO 15228 --- [restartedMain] o.apache.catalina.core.StandardEngine    : Starting Servlet engine: [Apache Tomcat/10.1.12]
2023-10-06T15:42:49.894+09:00  INFO 15228 --- [restartedMain] o.a.c.c.C.[Tomcat].[localhost].[/]       : Initializing Spring embedded WebApplicationContext
2023-10-06T15:42:49.894+09:00  INFO 15228 --- [restartedMain] w.s.c.ServletWebServerApplicationContext : Root WebApplicationContext: initialization completed in 1529 ms
2023-10-06T15:42:50.070+09:00  WARN 15228 --- [restartedMain] .s.s.UserDetailsServiceAutoConfiguration : 

Using generated security password: f31a7c28-6426-4b22-81d8-97ece036dc86

This generated password is for development use only. Your security configuration must be updated before running your application in production.

2023-10-06T15:42:50.187+09:00  INFO 15228 --- [restartedMain] o.s.s.web.DefaultSecurityFilterChain     : Will secure any request with [org.springframework.security.web.session.DisableEncodeUrlFilter@218ef99e, org.springframework.security.web.context.request.async.WebAsyncManagerIntegrationFilter@35dd8b12, org.springframework.security.web.context.SecurityContextHolderFilter@22f42cea, org.springframework.security.web.header.HeaderWriterFilter@21166ca, org.springframework.security.web.csrf.CsrfFilter@56429e5f, org.springframework.security.web.authentication.logout.LogoutFilter@2e70544c, org.springframework.security.web.authentication.UsernamePasswordAuthenticationFilter@6a7f39e1, org.springframework.security.web.authentication.ui.DefaultLoginPageGeneratingFilter@425e4b69, org.springframework.security.web.authentication.ui.DefaultLogoutPageGeneratingFilter@676d60fd, org.springframework.security.web.authentication.www.BasicAuthenticationFilter@6a4fd10c, org.springframework.security.web.savedrequest.RequestCacheAwareFilter@616478dd, org.springframework.security.web.servletapi.SecurityContextHolderAwareRequestFilter@7d51e01c, org.springframework.security.web.authentication.AnonymousAuthenticationFilter@5db17c30, org.springframework.security.web.access.ExceptionTranslationFilter@161d7aba, org.springframework.security.web.access.intercept.AuthorizationFilter@1b4f1b00]
2023-10-06T15:42:50.409+09:00  INFO 15228 --- [restartedMain] o.s.b.a.w.s.WelcomePageHandlerMapping    : Adding welcome page template: index
2023-10-06T15:42:50.665+09:00  INFO 15228 --- [restartedMain] com.zaxxer.hikari.HikariDataSource       : HikariPool-1 - Starting...
2023-10-06T15:42:50.760+09:00  INFO 15228 --- [restartedMain] com.zaxxer.hikari.pool.HikariPool        : HikariPool-1 - Added connection org.mariadb.jdbc.Connection@3b37c567
2023-10-06T15:42:50.762+09:00  INFO 15228 --- [restartedMain] com.zaxxer.hikari.HikariDataSource       : HikariPool-1 - Start completed.
2023-10-06T15:42:51.048+09:00  INFO 15228 --- [restartedMain] o.s.b.d.a.OptionalLiveReloadServer       : LiveReload server is running on port 35729
2023-10-06T15:42:51.084+09:00  INFO 15228 --- [restartedMain] o.s.b.w.embedded.tomcat.TomcatWebServer  : Tomcat started on port(s): 8081 (http) with context path ''
2023-10-06T15:42:51.097+09:00  INFO 15228 --- [restartedMain] com.example.test.TestApplication         : Started TestApplication in 3.368 seconds (process running for 4.754)
2023-10-06T15:42:51.099+09:00  INFO 15228 --- [restartedMain] o.s.b.a.b.JobLauncherApplicationRunner   : Running default command line with: []
2023-10-06T15:42:57.145+09:00  INFO 15228 --- [http-nio-8081-exec-1] o.a.c.c.C.[Tomcat].[localhost].[/]       : Initializing Spring DispatcherServlet 'dispatcherServlet'
2023-10-06T15:42:57.146+09:00  INFO 15228 --- [http-nio-8081-exec-1] o.s.web.servlet.DispatcherServlet        : Initializing Servlet 'dispatcherServlet'
2023-10-06T15:42:57.146+09:00  INFO 15228 --- [http-nio-8081-exec-1] o.s.web.servlet.DispatcherServlet        : Completed initialization in 0 ms
